eodinzov94@gmail.com 2023-07-09T19:10:31.977Z POST /api/login 200
eodinzov94@gmail.com 2023-07-09T19:14:17.120Z POST /api/login 200
eodinzov94@gmail.com 2023-07-09T19:17:03.573Z POST /api/login 200
eodinzov94@gmail.com 2023-07-09T19:40:52.744Z POST /api/login 200
eodinzov94@gmail.com 2023-07-09T19:41:28.152Z POST /api/login 200
eodinzov94@gmail.com 2023-07-09T19:42:17.343Z POST /api/login 200
admin@gmail.com 2023-07-09T19:55:44.180Z POST /api/register 200
admin@gmail.com 2023-07-09T19:56:38.460Z POST /api/login 200
admin@gmail.com 2023-07-09T19:59:48.913Z POST /api/login 200
admin@gmail.com 2023-07-09T20:01:25.043Z POST /api/login 200
admin@gmail.com 2023-07-09T20:07:07.386Z POST /api/login 200
admin@gmail.com 2023-07-09T20:21:47.348Z POST /api/login 200
admin@gmail.com 2023-07-09T20:25:34.570Z POST /api/login 200
admin@gmail.com 2023-07-09T20:40:42.925Z GET /api/auth-me 200
admin@gmail.com 2023-07-09T20:40:59.345Z POST /api/login 200
admin@gmail.com 2023-07-09T20:41:51.908Z GET /api/auth-me 304
admin@gmail.com 2023-07-09T20:41:54.121Z GET /api/auth-me 304
admin@gmail.com 2023-07-09T20:41:56.162Z GET /api/auth-me 304
admin@gmail.com 2023-07-09T20:42:04.522Z POST /api/login 200
admin@gmail.com 2023-07-09T20:42:54.401Z GET /api/auth-me 304
admin@gmail.com 2023-07-09T20:43:03.763Z GET /api/auth-me 304
admin@gmail.com 2023-07-09T20:43:13.206Z GET /api/auth-me 304
admin@gmail.com 2023-07-09T20:45:06.583Z GET /api/auth-me 304
admin@gmail.com 2023-07-09T20:45:37.067Z GET /api/auth-me 304
admin@gmail.com 2023-07-09T20:46:39.525Z POST /api/login 200
admin@gmail.com 2023-07-09T20:47:40.622Z GET /api/auth-me 304
eodinzov94@gmail.com 2023-07-09T20:49:04.781Z POST /api/login 200
eodinzov94@gmail.com 2023-07-09T20:58:32.980Z GET /api/auth-me 200
eodinzov94@gmail.com 2023-07-09T20:58:52.412Z GET /api/auth-me 304
admin@gmail.com 2023-07-09T20:59:04.847Z POST /api/login 200
admin@gmail.com 2023-07-09T21:00:24.534Z GET /api/auth-me 200
admin@gmail.com 2023-07-09T21:00:46.571Z GET /api/auth-me 304
admin@gmail.com 2023-07-09T21:00:46.618Z GET /api/get-all-logss 404
admin@gmail.com 2023-07-09T21:00:58.724Z GET /api/auth-me 304
admin@gmail.com 2023-07-09T21:01:38.916Z GET /api/auth-me 304
admin@gmail.com 2023-07-09T21:02:02.804Z GET /api/auth-me 304
eodinzov94@gmail.com 2023-07-09T21:03:33.416Z POST /api/login 200
eodinzov94@gmail.com 2023-07-14T19:31:11.373Z POST /api/login 200
eodinzov94@gmail.com 2023-07-14T19:33:35.309Z GET /api/auth-me 304
eodinzov94@gmail.com 2023-07-14T19:38:42.521Z GET /api/auth-me 304
eodinzov94@gmail.com 2023-07-14T20:26:09.286Z GET /api/auth-me 304
eodinzov94@gmail.com 2023-07-14T20:27:05.858Z GET /api/auth-me 304
eodinzov94@gmail.com 2023-07-14T20:31:05.434Z GET /api/auth-me 304
ron@ron.ron 2023-07-15T17:22:33.370Z POST /api/register 200
ron@ron.ron 2023-07-15T17:24:50.477Z GET /api/auth-me 200
ron@ron.ron 2023-07-15T17:31:51.086Z GET /api/auth-me 304
eodinzov94@gmail.com 2023-07-16T17:27:51.297Z GET /api/auth-me 500
eodinzov94@gmail.com 2023-07-16T17:28:17.279Z POST /api/register 404
eodinzov94@gmail.com 2023-07-16T17:29:18.563Z POST /api/register 404
eodinzov94@gmail.com 2023-07-16T17:30:06.056Z POST /api/register 404
eodinzov94@gmail.com 2023-07-16T17:31:12.056Z POST /api/register 404
eodinzov94@gmail.com 2023-07-16T17:33:51.763Z POST /api/register 200
admin@gmail.com 2023-07-16T17:35:12.592Z POST /api/register 200
admin@gmail.com 2023-07-16T17:36:34.174Z POST /api/login 200
admin@gmail.com 2023-07-16T17:37:50.482Z GET /api/auth-me 200
admin@gmail.com 2023-07-16T17:38:03.604Z POST /api/login 200
admin@gmail.com 2023-07-16T17:42:44.637Z GET /api/auth-me 304
eodinzov94@gmail.com 2023-07-16T17:57:31.253Z POST /api/login 200
eodinzov94@gmail.com 2023-07-16T18:01:08.461Z GET /api/auth-me 200
eodinzov94@gmail.com 2023-07-16T18:01:22.569Z GET /api/auth-me 304
eodinzov94@gmail.com 2023-07-16T18:02:12.296Z GET /api/auth-me 304
eodinzov94@gmail.com 2023-07-16T18:06:10.710Z GET /api/auth-me 304
eodinzov94@gmail.com 2023-07-16T18:06:54.783Z GET /api/auth-me 304
eodinzov94@gmail.com 2023-07-16T18:10:00.528Z GET /api/auth-me 304
eodinzov94@gmail.com 2023-07-16T18:23:11.793Z GET /api/auth-me 304
eodinzov94@gmail.com 2023-07-16T18:25:16.307Z GET /api/auth-me 304
eodinzov94@gmail.com 2023-07-16T18:26:49.789Z GET /api/auth-me 304
eodinzov94@gmail.com 2023-07-16T18:31:48.516Z GET /api/auth-me 304
eodinzov94@gmail.com 2023-07-16T18:38:40.107Z GET /api/auth-me 304
eodinzov94@gmail.com 2023-07-16T18:41:19.117Z GET /api/auth-me 304
eodinzov94@gmail.com 2023-07-16T18:42:53.960Z GET /api/auth-me 304
eodinzov94@gmail.com 2023-07-16T18:44:15.081Z GET /api/auth-me 304
